# JRE version: Java(TM) SE Runtime Environment (8.0_45-b14) (build 1.8.0_45-b14)
# Java VM: Java HotSpot(TM) Client VM (25.45-b02 mixed mode windows-x86 )
Heap:
 def new generation   total 39424K, used 15815K [0x02e00000, 0x058c0000, 0x0d8a0000)
  eden space 35072K,  45% used [0x02e00000, 0x03d71e48, 0x05040000)
  from space 4352K,   0% used [0x05040000, 0x05040000, 0x05480000)
  to   space 4352K,   0% used [0x05480000, 0x05480000, 0x058c0000)
 tenured generation   total 87424K, used 10481K [0x0d8a0000, 0x12e00000, 0x22e00000)
   the space 87424K,  11% used [0x0d8a0000, 0x0e2dc798, 0x0e2dc800, 0x12e00000)
 Metaspace       used 15226K, capacity 15567K, committed 15616K, reserved 15744K
GC Heap History (6 events):
Event: 7.326 GC heap before
{Heap before GC invocations=0 (full 0):
 def new generation   total 39296K, used 34944K [0x02e00000, 0x058a0000, 0x0d8a0000)
  eden space 34944K, 100% used [0x02e00000, 0x05020000, 0x05020000)
  from space 4352K,   0% used [0x05020000, 0x05020000, 0x05460000)
  to   space 4352K,   0% used [0x05460000, 0x05460000, 0x058a0000)
 tenured generation   total 87424K, used 0K [0x0d8a0000, 0x12e00000, 0x22e00000)
   the space 87424K,   0% used [0x0d8a0000, 0x0d8a0000, 0x0d8a0200, 0x12e00000)
 Metaspace       used 8033K, capacity 8225K, committed 8320K, reserved 8576K
Event: 7.348 GC heap after
Heap after GC invocations=1 (full 0):
 def new generation   total 39296K, used 4352K [0x02e00000, 0x058a0000, 0x0d8a0000)
  eden space 34944K,   0% used [0x02e00000, 0x02e00000, 0x05020000)
  from space 4352K, 100% used [0x05460000, 0x058a0000, 0x058a0000)
  to   space 4352K,   0% used [0x05020000, 0x05020000, 0x05460000)
 tenured generation   total 87424K, used 1913K [0x0d8a0000, 0x12e00000, 0x22e00000)
   the space 87424K,   2% used [0x0d8a0000, 0x0da7e530, 0x0da7e600, 0x12e00000)
 Metaspace       used 8033K, capacity 8225K, committed 8320K, reserved 8576K
}
Event: 11.944 GC heap before
{Heap before GC invocations=1 (full 0):
 def new generation   total 39296K, used 39296K [0x02e00000, 0x058a0000, 0x0d8a0000)
  eden space 34944K, 100% used [0x02e00000, 0x05020000, 0x05020000)
  from space 4352K, 100% used [0x05460000, 0x058a0000, 0x058a0000)
  to   space 4352K,   0% used [0x05020000, 0x05020000, 0x05460000)
 tenured generation   total 87424K, used 1913K [0x0d8a0000, 0x12e00000, 0x22e00000)
   the space 87424K,   2% used [0x0d8a0000, 0x0da7e530, 0x0da7e600, 0x12e00000)
 Metaspace       used 11313K, capacity 11613K, committed 11648K, reserved 11648K
Event: 11.968 GC heap after
Heap after GC invocations=2 (full 0):
 def new generation   total 39296K, used 4352K [0x02e00000, 0x058a0000, 0x0d8a0000)
  eden space 34944K,   0% used [0x02e00000, 0x02e00000, 0x05020000)
  from space 4352K, 100% used [0x05020000, 0x05460000, 0x05460000)
  to   space 4352K,   0% used [0x05460000, 0x05460000, 0x058a0000)
 tenured generation   total 87424K, used 6727K [0x0d8a0000, 0x12e00000, 0x22e00000)
   the space 87424K,   7% used [0x0d8a0000, 0x0df31c38, 0x0df31e00, 0x12e00000)
 Metaspace       used 11313K, capacity 11613K, committed 11648K, reserved 11648K
}
Event: 14.360 GC heap before
{Heap before GC invocations=2 (full 0):
 def new generation   total 39296K, used 16151K [0x02e00000, 0x058a0000, 0x0d8a0000)
  eden space 34944K,  33% used [0x02e00000, 0x03985f70, 0x05020000)
  from space 4352K, 100% used [0x05020000, 0x05460000, 0x05460000)
  to   space 4352K,   0% used [0x05460000, 0x05460000, 0x058a0000)
 tenured generation   total 87424K, used 6727K [0x0d8a0000, 0x12e00000, 0x22e00000)
   the space 87424K,   7% used [0x0d8a0000, 0x0df31c38, 0x0df31e00, 0x12e00000)
 Metaspace       used 11968K, capacity 12278K, committed 12288K, reserved 12672K
Event: 14.411 GC heap after
Heap after GC invocations=3 (full 1):
 def new generation   total 39424K, used 0K [0x02e00000, 0x058c0000, 0x0d8a0000)
  eden space 35072K,   0% used [0x02e00000, 0x02e00000, 0x05040000)
  from space 4352K,   0% used [0x05040000, 0x05040000, 0x05480000)
  to   space 4352K,   0% used [0x05480000, 0x05480000, 0x058c0000)
 tenured generation   total 87424K, used 10481K [0x0d8a0000, 0x12e00000, 0x22e00000)
   the space 87424K,  11% used [0x0d8a0000, 0x0e2dc798, 0x0e2dc800, 0x12e00000)
 Metaspace       used 11968K, capacity 12278K, committed 12288K, reserved 12672K
}

